e:\baidusyncdisk\工程项目\xmg ai\智绘教\智绘教\智绘教\release\vc143.pdb
e:\baidusyncdisk\工程项目\xmg ai\智绘教\智绘教\智绘教\release\page.obj
e:\baidusyncdisk\工程项目\xmg ai\智绘教\智绘教\智绘教\release\controlbase.obj
e:\baidusyncdisk\工程项目\xmg ai\智绘教\智绘教\智绘教\release\button.obj
e:\baidusyncdisk\工程项目\xmg ai\智绘教\智绘教\智绘教\release\higif.obj
e:\baidusyncdisk\工程项目\xmg ai\智绘教\智绘教\智绘教\release\higdiplus.obj
e:\baidusyncdisk\工程项目\xmg ai\智绘教\智绘教\智绘教\release\hifunc.obj
e:\baidusyncdisk\工程项目\xmg ai\智绘教\智绘教\智绘教\release\hifps.obj
e:\baidusyncdisk\工程项目\xmg ai\智绘教\智绘教\智绘教\release\hidrawingproperty.obj
e:\baidusyncdisk\工程项目\xmg ai\智绘教\智绘教\智绘教\release\hicontainer.obj
e:\baidusyncdisk\工程项目\xmg ai\智绘教\智绘教\智绘教\release\hicanvas.obj
e:\baidusyncdisk\工程项目\xmg ai\智绘教\智绘教\智绘教\release\hl_wrapperfactory.obj
e:\baidusyncdisk\工程项目\xmg ai\智绘教\智绘教\智绘教\release\hl_sha512wrapper.obj
e:\baidusyncdisk\工程项目\xmg ai\智绘教\智绘教\智绘教\release\hl_sha384wrapper.obj
e:\baidusyncdisk\工程项目\xmg ai\智绘教\智绘教\智绘教\release\hl_sha2ext.obj
e:\baidusyncdisk\工程项目\xmg ai\智绘教\智绘教\智绘教\release\hl_sha256wrapper.obj
e:\baidusyncdisk\工程项目\xmg ai\智绘教\智绘教\智绘教\release\hl_sha256.obj
e:\baidusyncdisk\工程项目\xmg ai\智绘教\智绘教\智绘教\release\hl_sha1wrapper.obj
e:\baidusyncdisk\工程项目\xmg ai\智绘教\智绘教\智绘教\release\hl_sha1.obj
e:\baidusyncdisk\工程项目\xmg ai\智绘教\智绘教\智绘教\release\hl_md5wrapper.obj
e:\baidusyncdisk\工程项目\xmg ai\智绘教\智绘教\智绘教\release\hl_md5.obj
e:\baidusyncdisk\工程项目\xmg ai\智绘教\智绘教\智绘教\release\json_writer.obj
e:\baidusyncdisk\工程项目\xmg ai\智绘教\智绘教\智绘教\release\json_value.obj
e:\baidusyncdisk\工程项目\xmg ai\智绘教\智绘教\智绘教\release\json_reader.obj
e:\baidusyncdisk\工程项目\xmg ai\智绘教\智绘教\智绘教\release\hiwindow.obj
e:\baidusyncdisk\工程项目\xmg ai\智绘教\智绘教\智绘教\release\sysstatic.obj
e:\baidusyncdisk\工程项目\xmg ai\智绘教\智绘教\智绘教\release\sysradiobutton.obj
e:\baidusyncdisk\工程项目\xmg ai\智绘教\智绘教\智绘教\release\sysgroupbox.obj
e:\baidusyncdisk\工程项目\xmg ai\智绘教\智绘教\智绘教\release\sysgroup.obj
e:\baidusyncdisk\工程项目\xmg ai\智绘教\智绘教\智绘教\release\sysedit.obj
e:\baidusyncdisk\工程项目\xmg ai\智绘教\智绘教\智绘教\release\syscontrolbase.obj
e:\baidusyncdisk\工程项目\xmg ai\智绘教\智绘教\智绘教\release\syscombobox.obj
e:\baidusyncdisk\工程项目\xmg ai\智绘教\智绘教\智绘教\release\syscheckbox.obj
e:\baidusyncdisk\工程项目\xmg ai\智绘教\智绘教\智绘教\release\sysbutton.obj
e:\baidusyncdisk\工程项目\xmg ai\智绘教\智绘教\智绘教\release\histart.obj
e:\baidusyncdisk\工程项目\xmg ai\智绘教\智绘教\智绘教\release\himusicmci.obj
e:\baidusyncdisk\工程项目\xmg ai\智绘教\智绘教\智绘教\release\himousedrag.obj
e:\baidusyncdisk\工程项目\xmg ai\智绘教\智绘教\智绘教\release\hiicon.obj
e:\baidusyncdisk\工程项目\xmg ai\智绘教\智绘教\智绘教\release\static.obj
e:\baidusyncdisk\工程项目\xmg ai\智绘教\智绘教\智绘教\release\scrollbar.obj
e:\baidusyncdisk\工程项目\xmg ai\智绘教\智绘教\智绘教\release\progressctrl.obj
e:\baidusyncdisk\工程项目\xmg ai\智绘教\智绘教\智绘教\release\zip.obj
e:\baidusyncdisk\工程项目\xmg ai\智绘教\智绘教\智绘教\release\unzip.obj
e:\baidusyncdisk\工程项目\xmg ai\智绘教\智绘教\智绘教\release\settings.obj
e:\baidusyncdisk\工程项目\xmg ai\智绘教\智绘教\智绘教\release\main.obj
e:\baidusyncdisk\工程项目\xmg ai\智绘教\智绘教\release\智绘教.exe
e:\baidusyncdisk\工程项目\xmg ai\智绘教\智绘教\智绘教\release\智绘教.ipdb
e:\baidusyncdisk\工程项目\xmg ai\智绘教\智绘教\智绘教\release\智绘教.iobj
e:\baidusyncdisk\工程项目\xmg ai\智绘教\智绘教\release\智绘教.pdb
e:\baidusyncdisk\工程项目\xmg ai\智绘教\智绘教\智绘教\release\智绘教.res
e:\baidusyncdisk\工程项目\xmg ai\智绘教\智绘教\智绘教\release\pptinterface.tli
e:\baidusyncdisk\工程项目\xmg ai\智绘教\智绘教\智绘教\release\pptinterface.tlh
e:\baidusyncdisk\工程项目\xmg ai\智绘教\智绘教\智绘教\release\智绘教.tlog\cl.command.1.tlog
e:\baidusyncdisk\工程项目\xmg ai\智绘教\智绘教\智绘教\release\智绘教.tlog\cl.items.tlog
e:\baidusyncdisk\工程项目\xmg ai\智绘教\智绘教\智绘教\release\智绘教.tlog\cl.read.1.tlog
e:\baidusyncdisk\工程项目\xmg ai\智绘教\智绘教\智绘教\release\智绘教.tlog\cl.write.1.tlog
e:\baidusyncdisk\工程项目\xmg ai\智绘教\智绘教\智绘教\release\智绘教.tlog\link.command.1.tlog
e:\baidusyncdisk\工程项目\xmg ai\智绘教\智绘教\智绘教\release\智绘教.tlog\link.read.1.tlog
e:\baidusyncdisk\工程项目\xmg ai\智绘教\智绘教\智绘教\release\智绘教.tlog\link.write.1.tlog
e:\baidusyncdisk\工程项目\xmg ai\智绘教\智绘教\智绘教\release\智绘教.tlog\rc.command.1.tlog
e:\baidusyncdisk\工程项目\xmg ai\智绘教\智绘教\智绘教\release\智绘教.tlog\rc.read.1.tlog
e:\baidusyncdisk\工程项目\xmg ai\智绘教\智绘教\智绘教\release\智绘教.tlog\rc.write.1.tlog
