  main.cpp
E:\BaiduSyncdisk\工程项目\XMG AI\智绘教\智绘教\智绘教\main.h(60,10): warning C4067: 预处理器指令后有意外标记 - 应输入换行符
E:\BaiduSyncdisk\工程项目\XMG AI\智绘教\智绘教\智绘教\main.h(255,46): warning C4244: “=”: 从“double”转换到“LONG”，可能丢失数据
E:\BaiduSyncdisk\工程项目\XMG AI\智绘教\智绘教\智绘教\main.h(256,46): warning C4244: “=”: 从“double”转换到“LONG”，可能丢失数据
E:\BaiduSyncdisk\工程项目\XMG AI\智绘教\智绘教\智绘教\main.h(331,46): warning C4244: “=”: 从“double”转换到“LONG”，可能丢失数据
E:\BaiduSyncdisk\工程项目\XMG AI\智绘教\智绘教\智绘教\main.h(332,46): warning C4244: “=”: 从“double”转换到“LONG”，可能丢失数据
E:\BaiduSyncdisk\工程项目\XMG AI\智绘教\智绘教\智绘教\main.h(1363,21): warning C4101: “e”: 未引用的局部变量
E:\BaiduSyncdisk\工程项目\XMG AI\智绘教\智绘教\智绘教\main.h(1388,21): warning C4101: “e”: 未引用的局部变量
E:\BaiduSyncdisk\工程项目\XMG AI\智绘教\智绘教\智绘教\main.h(1418,21): warning C4101: “e”: 未引用的局部变量
E:\BaiduSyncdisk\工程项目\XMG AI\智绘教\智绘教\智绘教\main.h(1446,21): warning C4101: “e”: 未引用的局部变量
E:\BaiduSyncdisk\工程项目\XMG AI\智绘教\智绘教\智绘教\main.h(2598,188): warning C4390: “;”: 找到空的受控语句；这是否是有意的?
E:\BaiduSyncdisk\工程项目\XMG AI\智绘教\智绘教\智绘教\main.cpp(392,10): warning C4244: “初始化”: 从“double”转换到“float”，可能丢失数据
E:\BaiduSyncdisk\工程项目\XMG AI\智绘教\智绘教\智绘教\main.cpp(419,37): warning C4002: 类函数宏的调用“RGB”参数过多
E:\BaiduSyncdisk\工程项目\XMG AI\智绘教\智绘教\智绘教\main.cpp(427,22): warning C4244: “初始化”: 从“int”转换到“float”，可能丢失数据
E:\BaiduSyncdisk\工程项目\XMG AI\智绘教\智绘教\智绘教\main.cpp(430,30): warning C4244: “参数”: 从“int”转换到“float”，可能丢失数据
E:\BaiduSyncdisk\工程项目\XMG AI\智绘教\智绘教\智绘教\main.cpp(1250,78): warning C4244: “=”: 从“int”转换到“float”，可能丢失数据
E:\BaiduSyncdisk\工程项目\XMG AI\智绘教\智绘教\智绘教\main.cpp(1267,84): warning C4244: “=”: 从“int”转换到“float”，可能丢失数据
E:\BaiduSyncdisk\工程项目\XMG AI\智绘教\智绘教\智绘教\main.cpp(1279,75): warning C4244: “=”: 从“int”转换到“float”，可能丢失数据
E:\BaiduSyncdisk\工程项目\XMG AI\智绘教\智绘教\智绘教\main.cpp(1300,84): warning C4244: “=”: 从“int”转换到“float”，可能丢失数据
E:\BaiduSyncdisk\工程项目\XMG AI\智绘教\智绘教\智绘教\main.cpp(1309,89): warning C4244: “=”: 从“int”转换到“float”，可能丢失数据
E:\BaiduSyncdisk\工程项目\XMG AI\智绘教\智绘教\智绘教\main.cpp(1319,80): warning C4244: “=”: 从“int”转换到“float”，可能丢失数据
E:\BaiduSyncdisk\工程项目\XMG AI\智绘教\智绘教\智绘教\main.cpp(1325,84): warning C4244: “=”: 从“int”转换到“float”，可能丢失数据
E:\BaiduSyncdisk\工程项目\XMG AI\智绘教\智绘教\智绘教\main.cpp(1334,89): warning C4244: “=”: 从“int”转换到“float”，可能丢失数据
E:\BaiduSyncdisk\工程项目\XMG AI\智绘教\智绘教\智绘教\main.cpp(1344,80): warning C4244: “=”: 从“int”转换到“float”，可能丢失数据
E:\BaiduSyncdisk\工程项目\XMG AI\智绘教\智绘教\智绘教\main.cpp(1350,84): warning C4244: “=”: 从“int”转换到“float”，可能丢失数据
E:\BaiduSyncdisk\工程项目\XMG AI\智绘教\智绘教\智绘教\main.cpp(1359,89): warning C4244: “=”: 从“int”转换到“float”，可能丢失数据
E:\BaiduSyncdisk\工程项目\XMG AI\智绘教\智绘教\智绘教\main.cpp(1369,80): warning C4244: “=”: 从“int”转换到“float”，可能丢失数据
E:\BaiduSyncdisk\工程项目\XMG AI\智绘教\智绘教\智绘教\main.cpp(1375,84): warning C4244: “=”: 从“int”转换到“float”，可能丢失数据
E:\BaiduSyncdisk\工程项目\XMG AI\智绘教\智绘教\智绘教\main.cpp(1384,89): warning C4244: “=”: 从“int”转换到“float”，可能丢失数据
E:\BaiduSyncdisk\工程项目\XMG AI\智绘教\智绘教\智绘教\main.cpp(1394,80): warning C4244: “=”: 从“int”转换到“float”，可能丢失数据
E:\BaiduSyncdisk\工程项目\XMG AI\智绘教\智绘教\智绘教\main.cpp(1400,84): warning C4244: “=”: 从“int”转换到“float”，可能丢失数据
E:\BaiduSyncdisk\工程项目\XMG AI\智绘教\智绘教\智绘教\main.cpp(1409,89): warning C4244: “=”: 从“int”转换到“float”，可能丢失数据
E:\BaiduSyncdisk\工程项目\XMG AI\智绘教\智绘教\智绘教\main.cpp(1419,80): warning C4244: “=”: 从“int”转换到“float”，可能丢失数据
E:\BaiduSyncdisk\工程项目\XMG AI\智绘教\智绘教\智绘教\main.cpp(1425,84): warning C4244: “=”: 从“int”转换到“float”，可能丢失数据
E:\BaiduSyncdisk\工程项目\XMG AI\智绘教\智绘教\智绘教\main.cpp(1434,89): warning C4244: “=”: 从“int”转换到“float”，可能丢失数据
E:\BaiduSyncdisk\工程项目\XMG AI\智绘教\智绘教\智绘教\main.cpp(1444,80): warning C4244: “=”: 从“int”转换到“float”，可能丢失数据
E:\BaiduSyncdisk\工程项目\XMG AI\智绘教\智绘教\智绘教\main.cpp(1450,84): warning C4244: “=”: 从“int”转换到“float”，可能丢失数据
E:\BaiduSyncdisk\工程项目\XMG AI\智绘教\智绘教\智绘教\main.cpp(1459,89): warning C4244: “=”: 从“int”转换到“float”，可能丢失数据
E:\BaiduSyncdisk\工程项目\XMG AI\智绘教\智绘教\智绘教\main.cpp(1469,80): warning C4244: “=”: 从“int”转换到“float”，可能丢失数据
E:\BaiduSyncdisk\工程项目\XMG AI\智绘教\智绘教\智绘教\main.cpp(1475,84): warning C4244: “=”: 从“int”转换到“float”，可能丢失数据
E:\BaiduSyncdisk\工程项目\XMG AI\智绘教\智绘教\智绘教\main.cpp(1484,89): warning C4244: “=”: 从“int”转换到“float”，可能丢失数据
E:\BaiduSyncdisk\工程项目\XMG AI\智绘教\智绘教\智绘教\main.cpp(1494,80): warning C4244: “=”: 从“int”转换到“float”，可能丢失数据
E:\BaiduSyncdisk\工程项目\XMG AI\智绘教\智绘教\智绘教\main.cpp(1500,84): warning C4244: “=”: 从“int”转换到“float”，可能丢失数据
E:\BaiduSyncdisk\工程项目\XMG AI\智绘教\智绘教\智绘教\main.cpp(1509,89): warning C4244: “=”: 从“int”转换到“float”，可能丢失数据
E:\BaiduSyncdisk\工程项目\XMG AI\智绘教\智绘教\智绘教\main.cpp(1519,80): warning C4244: “=”: 从“int”转换到“float”，可能丢失数据
E:\BaiduSyncdisk\工程项目\XMG AI\智绘教\智绘教\智绘教\main.cpp(1525,85): warning C4244: “=”: 从“int”转换到“float”，可能丢失数据
E:\BaiduSyncdisk\工程项目\XMG AI\智绘教\智绘教\智绘教\main.cpp(1534,90): warning C4244: “=”: 从“int”转换到“float”，可能丢失数据
E:\BaiduSyncdisk\工程项目\XMG AI\智绘教\智绘教\智绘教\main.cpp(1544,81): warning C4244: “=”: 从“int”转换到“float”，可能丢失数据
E:\BaiduSyncdisk\工程项目\XMG AI\智绘教\智绘教\智绘教\main.cpp(1550,85): warning C4244: “=”: 从“int”转换到“float”，可能丢失数据
E:\BaiduSyncdisk\工程项目\XMG AI\智绘教\智绘教\智绘教\main.cpp(1559,90): warning C4244: “=”: 从“int”转换到“float”，可能丢失数据
E:\BaiduSyncdisk\工程项目\XMG AI\智绘教\智绘教\智绘教\main.cpp(1569,81): warning C4244: “=”: 从“int”转换到“float”，可能丢失数据
E:\BaiduSyncdisk\工程项目\XMG AI\智绘教\智绘教\智绘教\main.cpp(1575,85): warning C4244: “=”: 从“int”转换到“float”，可能丢失数据
E:\BaiduSyncdisk\工程项目\XMG AI\智绘教\智绘教\智绘教\main.cpp(1582,90): warning C4244: “=”: 从“int”转换到“float”，可能丢失数据
E:\BaiduSyncdisk\工程项目\XMG AI\智绘教\智绘教\智绘教\main.cpp(1595,81): warning C4244: “=”: 从“int”转换到“float”，可能丢失数据
E:\BaiduSyncdisk\工程项目\XMG AI\智绘教\智绘教\智绘教\main.cpp(1607,87): warning C4244: “=”: 从“int”转换到“float”，可能丢失数据
E:\BaiduSyncdisk\工程项目\XMG AI\智绘教\智绘教\智绘教\main.cpp(1619,88): warning C4244: “=”: 从“int”转换到“float”，可能丢失数据
E:\BaiduSyncdisk\工程项目\XMG AI\智绘教\智绘教\智绘教\main.cpp(1632,92): warning C4244: “=”: 从“int”转换到“float”，可能丢失数据
E:\BaiduSyncdisk\工程项目\XMG AI\智绘教\智绘教\智绘教\main.cpp(1642,92): warning C4244: “=”: 从“int”转换到“float”，可能丢失数据
E:\BaiduSyncdisk\工程项目\XMG AI\智绘教\智绘教\智绘教\main.cpp(1684,89): warning C4244: “=”: 从“int”转换到“float”，可能丢失数据
E:\BaiduSyncdisk\工程项目\XMG AI\智绘教\智绘教\智绘教\main.cpp(1697,94): warning C4244: “=”: 从“int”转换到“float”，可能丢失数据
E:\BaiduSyncdisk\工程项目\XMG AI\智绘教\智绘教\智绘教\main.cpp(1704,93): warning C4244: “=”: 从“int”转换到“float”，可能丢失数据
E:\BaiduSyncdisk\工程项目\XMG AI\智绘教\智绘教\智绘教\main.cpp(1714,94): warning C4244: “=”: 从“int”转换到“float”，可能丢失数据
E:\BaiduSyncdisk\工程项目\XMG AI\智绘教\智绘教\智绘教\main.cpp(1725,94): warning C4244: “=”: 从“int”转换到“float”，可能丢失数据
E:\BaiduSyncdisk\工程项目\XMG AI\智绘教\智绘教\智绘教\main.cpp(1736,94): warning C4244: “=”: 从“int”转换到“float”，可能丢失数据
E:\BaiduSyncdisk\工程项目\XMG AI\智绘教\智绘教\智绘教\main.cpp(1751,78): warning C4244: “=”: 从“int”转换到“float”，可能丢失数据
E:\BaiduSyncdisk\工程项目\XMG AI\智绘教\智绘教\智绘教\main.cpp(1772,78): warning C4244: “=”: 从“int”转换到“float”，可能丢失数据
E:\BaiduSyncdisk\工程项目\XMG AI\智绘教\智绘教\智绘教\main.cpp(1784,76): warning C4244: “=”: 从“int”转换到“float”，可能丢失数据
E:\BaiduSyncdisk\工程项目\XMG AI\智绘教\智绘教\智绘教\main.cpp(1812,70): warning C4244: “=”: 从“int”转换到“float”，可能丢失数据
E:\BaiduSyncdisk\工程项目\XMG AI\智绘教\智绘教\智绘教\main.cpp(1818,69): warning C4244: “=”: 从“int”转换到“float”，可能丢失数据
E:\BaiduSyncdisk\工程项目\XMG AI\智绘教\智绘教\智绘教\main.cpp(1826,80): warning C4244: “=”: 从“int”转换到“float”，可能丢失数据
E:\BaiduSyncdisk\工程项目\XMG AI\智绘教\智绘教\智绘教\main.cpp(1835,86): warning C4244: “=”: 从“int”转换到“float”，可能丢失数据
E:\BaiduSyncdisk\工程项目\XMG AI\智绘教\智绘教\智绘教\main.cpp(1845,80): warning C4244: “=”: 从“int”转换到“float”，可能丢失数据
E:\BaiduSyncdisk\工程项目\XMG AI\智绘教\智绘教\智绘教\main.cpp(1854,79): warning C4244: “=”: 从“int”转换到“float”，可能丢失数据
E:\BaiduSyncdisk\工程项目\XMG AI\智绘教\智绘教\智绘教\main.cpp(1863,84): warning C4244: “=”: 从“int”转换到“float”，可能丢失数据
E:\BaiduSyncdisk\工程项目\XMG AI\智绘教\智绘教\智绘教\main.cpp(1874,70): warning C4244: “=”: 从“int”转换到“float”，可能丢失数据
E:\BaiduSyncdisk\工程项目\XMG AI\智绘教\智绘教\智绘教\main.cpp(1880,68): warning C4244: “=”: 从“int”转换到“float”，可能丢失数据
E:\BaiduSyncdisk\工程项目\XMG AI\智绘教\智绘教\智绘教\main.cpp(1890,78): warning C4244: “=”: 从“int”转换到“float”，可能丢失数据
E:\BaiduSyncdisk\工程项目\XMG AI\智绘教\智绘教\智绘教\main.cpp(1892,86): warning C4244: “=”: 从“int”转换到“float”，可能丢失数据
E:\BaiduSyncdisk\工程项目\XMG AI\智绘教\智绘教\智绘教\main.cpp(1899,77): warning C4244: “=”: 从“int”转换到“float”，可能丢失数据
E:\BaiduSyncdisk\工程项目\XMG AI\智绘教\智绘教\智绘教\main.cpp(1901,85): warning C4244: “=”: 从“int”转换到“float”，可能丢失数据
E:\BaiduSyncdisk\工程项目\XMG AI\智绘教\智绘教\智绘教\main.cpp(1906,87): warning C4244: “=”: 从“int”转换到“float”，可能丢失数据
E:\BaiduSyncdisk\工程项目\XMG AI\智绘教\智绘教\智绘教\main.cpp(1918,82): warning C4244: “=”: 从“int”转换到“float”，可能丢失数据
E:\BaiduSyncdisk\工程项目\XMG AI\智绘教\智绘教\智绘教\main.cpp(1927,87): warning C4244: “=”: 从“int”转换到“float”，可能丢失数据
E:\BaiduSyncdisk\工程项目\XMG AI\智绘教\智绘教\智绘教\main.cpp(2003,78): warning C4244: “=”: 从“int”转换到“float”，可能丢失数据
E:\BaiduSyncdisk\工程项目\XMG AI\智绘教\智绘教\智绘教\main.cpp(2005,86): warning C4244: “=”: 从“int”转换到“float”，可能丢失数据
E:\BaiduSyncdisk\工程项目\XMG AI\智绘教\智绘教\智绘教\main.cpp(2012,76): warning C4244: “=”: 从“int”转换到“float”，可能丢失数据
E:\BaiduSyncdisk\工程项目\XMG AI\智绘教\智绘教\智绘教\main.cpp(2014,84): warning C4244: “=”: 从“int”转换到“float”，可能丢失数据
E:\BaiduSyncdisk\工程项目\XMG AI\智绘教\智绘教\智绘教\main.cpp(2031,78): warning C4244: “=”: 从“int”转换到“float”，可能丢失数据
E:\BaiduSyncdisk\工程项目\XMG AI\智绘教\智绘教\智绘教\main.cpp(2032,86): warning C4244: “=”: 从“int”转换到“float”，可能丢失数据
E:\BaiduSyncdisk\工程项目\XMG AI\智绘教\智绘教\智绘教\main.cpp(2050,85): warning C4244: “=”: 从“int”转换到“float”，可能丢失数据
E:\BaiduSyncdisk\工程项目\XMG AI\智绘教\智绘教\智绘教\main.cpp(2062,85): warning C4244: “=”: 从“int”转换到“float”，可能丢失数据
E:\BaiduSyncdisk\工程项目\XMG AI\智绘教\智绘教\智绘教\main.cpp(2073,85): warning C4244: “=”: 从“int”转换到“float”，可能丢失数据
E:\BaiduSyncdisk\工程项目\XMG AI\智绘教\智绘教\智绘教\main.cpp(2085,85): warning C4244: “=”: 从“int”转换到“float”，可能丢失数据
E:\BaiduSyncdisk\工程项目\XMG AI\智绘教\智绘教\智绘教\main.cpp(2102,77): warning C4244: “=”: 从“int”转换到“float”，可能丢失数据
E:\BaiduSyncdisk\工程项目\XMG AI\智绘教\智绘教\智绘教\main.cpp(2103,80): warning C4244: “=”: 从“int”转换到“float”，可能丢失数据
E:\BaiduSyncdisk\工程项目\XMG AI\智绘教\智绘教\智绘教\main.cpp(2146,88): warning C4244: “=”: 从“int”转换到“float”，可能丢失数据
E:\BaiduSyncdisk\工程项目\XMG AI\智绘教\智绘教\智绘教\main.cpp(2217,93): warning C4244: “=”: 从“int”转换到“float”，可能丢失数据
E:\BaiduSyncdisk\工程项目\XMG AI\智绘教\智绘教\智绘教\main.cpp(2288,88): warning C4244: “=”: 从“int”转换到“float”，可能丢失数据
E:\BaiduSyncdisk\工程项目\XMG AI\智绘教\智绘教\智绘教\main.cpp(2359,93): warning C4244: “=”: 从“int”转换到“float”，可能丢失数据
E:\BaiduSyncdisk\工程项目\XMG AI\智绘教\智绘教\智绘教\main.cpp(2430,88): warning C4244: “=”: 从“int”转换到“float”，可能丢失数据
E:\BaiduSyncdisk\工程项目\XMG AI\智绘教\智绘教\智绘教\main.cpp(2501,93): warning C4244: “=”: 从“int”转换到“float”，可能丢失数据
E:\BaiduSyncdisk\工程项目\XMG AI\智绘教\智绘教\智绘教\main.cpp(2572,88): warning C4244: “=”: 从“int”转换到“float”，可能丢失数据
E:\BaiduSyncdisk\工程项目\XMG AI\智绘教\智绘教\智绘教\main.cpp(2643,93): warning C4244: “=”: 从“int”转换到“float”，可能丢失数据
E:\BaiduSyncdisk\工程项目\XMG AI\智绘教\智绘教\智绘教\main.cpp(2714,88): warning C4244: “=”: 从“int”转换到“float”，可能丢失数据
E:\BaiduSyncdisk\工程项目\XMG AI\智绘教\智绘教\智绘教\main.cpp(2785,94): warning C4244: “=”: 从“int”转换到“float”，可能丢失数据
E:\BaiduSyncdisk\工程项目\XMG AI\智绘教\智绘教\智绘教\main.cpp(2856,89): warning C4244: “=”: 从“int”转换到“float”，可能丢失数据
E:\BaiduSyncdisk\工程项目\XMG AI\智绘教\智绘教\智绘教\main.cpp(2927,94): warning C4244: “=”: 从“int”转换到“float”，可能丢失数据
E:\BaiduSyncdisk\工程项目\XMG AI\智绘教\智绘教\智绘教\main.cpp(2940,121): warning C4244: “=”: 从“int”转换到“float”，可能丢失数据
E:\BaiduSyncdisk\工程项目\XMG AI\智绘教\智绘教\智绘教\main.cpp(2976,89): warning C4244: “=”: 从“int”转换到“float”，可能丢失数据
E:\BaiduSyncdisk\工程项目\XMG AI\智绘教\智绘教\智绘教\main.cpp(3019,82): warning C4244: “=”: 从“int”转换到“float”，可能丢失数据
E:\BaiduSyncdisk\工程项目\XMG AI\智绘教\智绘教\智绘教\main.cpp(3020,83): warning C4244: “=”: 从“int”转换到“float”，可能丢失数据
E:\BaiduSyncdisk\工程项目\XMG AI\智绘教\智绘教\智绘教\main.cpp(3021,90): warning C4244: “=”: 从“int”转换到“float”，可能丢失数据
E:\BaiduSyncdisk\工程项目\XMG AI\智绘教\智绘教\智绘教\main.cpp(3022,89): warning C4244: “=”: 从“int”转换到“float”，可能丢失数据
E:\BaiduSyncdisk\工程项目\XMG AI\智绘教\智绘教\智绘教\main.cpp(3028,106): warning C4244: “=”: 从“int”转换到“float”，可能丢失数据
E:\BaiduSyncdisk\工程项目\XMG AI\智绘教\智绘教\智绘教\main.cpp(3030,69): warning C4244: “=”: 从“int”转换到“float”，可能丢失数据
E:\BaiduSyncdisk\工程项目\XMG AI\智绘教\智绘教\智绘教\main.cpp(3031,70): warning C4244: “=”: 从“int”转换到“float”，可能丢失数据
E:\BaiduSyncdisk\工程项目\XMG AI\智绘教\智绘教\智绘教\main.cpp(3032,77): warning C4244: “=”: 从“int”转换到“float”，可能丢失数据
E:\BaiduSyncdisk\工程项目\XMG AI\智绘教\智绘教\智绘教\main.cpp(3033,76): warning C4244: “=”: 从“int”转换到“float”，可能丢失数据
E:\BaiduSyncdisk\工程项目\XMG AI\智绘教\智绘教\智绘教\main.cpp(3046,91): warning C4244: “=”: 从“int”转换到“float”，可能丢失数据
E:\BaiduSyncdisk\工程项目\XMG AI\智绘教\智绘教\智绘教\main.cpp(3047,94): warning C4244: “=”: 从“int”转换到“float”，可能丢失数据
E:\BaiduSyncdisk\工程项目\XMG AI\智绘教\智绘教\智绘教\main.cpp(3059,97): warning C4244: “=”: 从“int”转换到“float”，可能丢失数据
E:\BaiduSyncdisk\工程项目\XMG AI\智绘教\智绘教\智绘教\main.cpp(3091,101): warning C4244: “=”: 从“int”转换到“float”，可能丢失数据
E:\BaiduSyncdisk\工程项目\XMG AI\智绘教\智绘教\智绘教\main.cpp(3103,105): warning C4244: “=”: 从“int”转换到“float”，可能丢失数据
E:\BaiduSyncdisk\工程项目\XMG AI\智绘教\智绘教\智绘教\main.cpp(3132,101): warning C4244: “=”: 从“int”转换到“float”，可能丢失数据
E:\BaiduSyncdisk\工程项目\XMG AI\智绘教\智绘教\智绘教\main.cpp(3134,101): warning C4244: “=”: 从“double”转换到“float”，可能丢失数据
E:\BaiduSyncdisk\工程项目\XMG AI\智绘教\智绘教\智绘教\main.cpp(3135,110): warning C4244: “=”: 从“double”转换到“float”，可能丢失数据
E:\BaiduSyncdisk\工程项目\XMG AI\智绘教\智绘教\智绘教\main.cpp(3136,86): warning C4244: “=”: 从“double”转换到“float”，可能丢失数据
E:\BaiduSyncdisk\工程项目\XMG AI\智绘教\智绘教\智绘教\main.cpp(3147,105): warning C4244: “=”: 从“int”转换到“float”，可能丢失数据
E:\BaiduSyncdisk\工程项目\XMG AI\智绘教\智绘教\智绘教\main.cpp(3173,165): warning C4244: “=”: 从“double”转换到“float”，可能丢失数据
E:\BaiduSyncdisk\工程项目\XMG AI\智绘教\智绘教\智绘教\main.cpp(3174,179): warning C4244: “=”: 从“double”转换到“float”，可能丢失数据
E:\BaiduSyncdisk\工程项目\XMG AI\智绘教\智绘教\智绘教\main.cpp(3175,155): warning C4244: “=”: 从“double”转换到“float”，可能丢失数据
E:\BaiduSyncdisk\工程项目\XMG AI\智绘教\智绘教\智绘教\main.cpp(3338,87): warning C4244: “=”: 从“int”转换到“float”，可能丢失数据
E:\BaiduSyncdisk\工程项目\XMG AI\智绘教\智绘教\智绘教\main.cpp(3351,99): warning C4244: “=”: 从“int”转换到“float”，可能丢失数据
E:\BaiduSyncdisk\工程项目\XMG AI\智绘教\智绘教\智绘教\main.cpp(3383,92): warning C4244: “=”: 从“int”转换到“float”，可能丢失数据
E:\BaiduSyncdisk\工程项目\XMG AI\智绘教\智绘教\智绘教\main.cpp(3391,104): warning C4244: “=”: 从“int”转换到“float”，可能丢失数据
E:\BaiduSyncdisk\工程项目\XMG AI\智绘教\智绘教\智绘教\main.cpp(3428,104): warning C4244: “=”: 从“int”转换到“float”，可能丢失数据
E:\BaiduSyncdisk\工程项目\XMG AI\智绘教\智绘教\智绘教\main.cpp(3457,93): warning C4244: “=”: 从“int”转换到“float”，可能丢失数据
E:\BaiduSyncdisk\工程项目\XMG AI\智绘教\智绘教\智绘教\main.cpp(3470,105): warning C4244: “=”: 从“int”转换到“float”，可能丢失数据
E:\BaiduSyncdisk\工程项目\XMG AI\智绘教\智绘教\智绘教\main.cpp(3501,93): warning C4244: “=”: 从“int”转换到“float”，可能丢失数据
E:\BaiduSyncdisk\工程项目\XMG AI\智绘教\智绘教\智绘教\main.cpp(3514,105): warning C4244: “=”: 从“int”转换到“float”，可能丢失数据
E:\BaiduSyncdisk\工程项目\XMG AI\智绘教\智绘教\智绘教\main.cpp(3545,93): warning C4244: “=”: 从“int”转换到“float”，可能丢失数据
E:\BaiduSyncdisk\工程项目\XMG AI\智绘教\智绘教\智绘教\main.cpp(3558,105): warning C4244: “=”: 从“int”转换到“float”，可能丢失数据
E:\BaiduSyncdisk\工程项目\XMG AI\智绘教\智绘教\智绘教\main.cpp(3592,80): warning C4244: “=”: 从“int”转换到“float”，可能丢失数据
E:\BaiduSyncdisk\工程项目\XMG AI\智绘教\智绘教\智绘教\main.cpp(3593,83): warning C4244: “=”: 从“int”转换到“float”，可能丢失数据
E:\BaiduSyncdisk\工程项目\XMG AI\智绘教\智绘教\智绘教\main.cpp(3638,85): warning C4244: “=”: 从“int”转换到“float”，可能丢失数据
E:\BaiduSyncdisk\工程项目\XMG AI\智绘教\智绘教\智绘教\main.cpp(3667,83): warning C4244: “=”: 从“int”转换到“float”，可能丢失数据
E:\BaiduSyncdisk\工程项目\XMG AI\智绘教\智绘教\智绘教\main.cpp(3693,87): warning C4244: “=”: 从“int”转换到“float”，可能丢失数据
E:\BaiduSyncdisk\工程项目\XMG AI\智绘教\智绘教\智绘教\main.cpp(3716,70): warning C4244: “=”: 从“int”转换到“float”，可能丢失数据
E:\BaiduSyncdisk\工程项目\XMG AI\智绘教\智绘教\智绘教\main.cpp(3724,69): warning C4244: “=”: 从“int”转换到“float”，可能丢失数据
E:\BaiduSyncdisk\工程项目\XMG AI\智绘教\智绘教\智绘教\main.cpp(3737,82): warning C4244: “=”: 从“int”转换到“float”，可能丢失数据
E:\BaiduSyncdisk\工程项目\XMG AI\智绘教\智绘教\智绘教\main.cpp(3757,88): warning C4244: “=”: 从“int”转换到“float”，可能丢失数据
E:\BaiduSyncdisk\工程项目\XMG AI\智绘教\智绘教\智绘教\main.cpp(3778,82): warning C4244: “=”: 从“int”转换到“float”，可能丢失数据
E:\BaiduSyncdisk\工程项目\XMG AI\智绘教\智绘教\智绘教\main.cpp(3798,81): warning C4244: “=”: 从“int”转换到“float”，可能丢失数据
E:\BaiduSyncdisk\工程项目\XMG AI\智绘教\智绘教\智绘教\main.cpp(3818,86): warning C4244: “=”: 从“int”转换到“float”，可能丢失数据
E:\BaiduSyncdisk\工程项目\XMG AI\智绘教\智绘教\智绘教\main.cpp(3837,70): warning C4244: “=”: 从“int”转换到“float”，可能丢失数据
E:\BaiduSyncdisk\工程项目\XMG AI\智绘教\智绘教\智绘教\main.cpp(3844,68): warning C4244: “=”: 从“int”转换到“float”，可能丢失数据
E:\BaiduSyncdisk\工程项目\XMG AI\智绘教\智绘教\智绘教\main.cpp(3855,78): warning C4244: “=”: 从“int”转换到“float”，可能丢失数据
E:\BaiduSyncdisk\工程项目\XMG AI\智绘教\智绘教\智绘教\main.cpp(3857,86): warning C4244: “=”: 从“int”转换到“float”，可能丢失数据
E:\BaiduSyncdisk\工程项目\XMG AI\智绘教\智绘教\智绘教\main.cpp(3865,77): warning C4244: “=”: 从“int”转换到“float”，可能丢失数据
E:\BaiduSyncdisk\工程项目\XMG AI\智绘教\智绘教\智绘教\main.cpp(3867,85): warning C4244: “=”: 从“int”转换到“float”，可能丢失数据
E:\BaiduSyncdisk\工程项目\XMG AI\智绘教\智绘教\智绘教\main.cpp(3874,82): warning C4244: “=”: 从“int”转换到“float”，可能丢失数据
E:\BaiduSyncdisk\工程项目\XMG AI\智绘教\智绘教\智绘教\main.cpp(3949,84): warning C4244: “=”: 从“int”转换到“float”，可能丢失数据
E:\BaiduSyncdisk\工程项目\XMG AI\智绘教\智绘教\智绘教\main.cpp(3977,90): warning C4244: “=”: 从“int”转换到“float”，可能丢失数据
E:\BaiduSyncdisk\工程项目\XMG AI\智绘教\智绘教\智绘教\main.cpp(4006,84): warning C4244: “=”: 从“int”转换到“float”，可能丢失数据
E:\BaiduSyncdisk\工程项目\XMG AI\智绘教\智绘教\智绘教\main.cpp(4034,83): warning C4244: “=”: 从“int”转换到“float”，可能丢失数据
E:\BaiduSyncdisk\工程项目\XMG AI\智绘教\智绘教\智绘教\main.cpp(4062,88): warning C4244: “=”: 从“int”转换到“float”，可能丢失数据
E:\BaiduSyncdisk\工程项目\XMG AI\智绘教\智绘教\智绘教\main.cpp(4089,78): warning C4244: “=”: 从“int”转换到“float”，可能丢失数据
E:\BaiduSyncdisk\工程项目\XMG AI\智绘教\智绘教\智绘教\main.cpp(4091,86): warning C4244: “=”: 从“int”转换到“float”，可能丢失数据
E:\BaiduSyncdisk\工程项目\XMG AI\智绘教\智绘教\智绘教\main.cpp(4099,76): warning C4244: “=”: 从“int”转换到“float”，可能丢失数据
E:\BaiduSyncdisk\工程项目\XMG AI\智绘教\智绘教\智绘教\main.cpp(4101,84): warning C4244: “=”: 从“int”转换到“float”，可能丢失数据
E:\BaiduSyncdisk\工程项目\XMG AI\智绘教\智绘教\智绘教\main.cpp(4125,15): warning C4244: “初始化”: 从“COLORREF”转换到“float”，可能丢失数据
E:\BaiduSyncdisk\工程项目\XMG AI\智绘教\智绘教\智绘教\main.cpp(4130,15): warning C4244: “初始化”: 从“COLORREF”转换到“float”，可能丢失数据
E:\BaiduSyncdisk\工程项目\XMG AI\智绘教\智绘教\智绘教\main.cpp(4173,89): warning C4244: “参数”: 从“float”转换到“int”，可能丢失数据
E:\BaiduSyncdisk\工程项目\XMG AI\智绘教\智绘教\智绘教\main.cpp(4176,221): warning C4244: “参数”: 从“float”转换到“int”，可能丢失数据
E:\BaiduSyncdisk\工程项目\XMG AI\智绘教\智绘教\智绘教\main.cpp(4176,141): warning C4244: “参数”: 从“float”转换到“int”，可能丢失数据
E:\BaiduSyncdisk\工程项目\XMG AI\智绘教\智绘教\智绘教\main.cpp(4176,90): warning C4244: “参数”: 从“float”转换到“int”，可能丢失数据
E:\BaiduSyncdisk\工程项目\XMG AI\智绘教\智绘教\智绘教\main.cpp(4187,74): warning C4244: “=”: 从“float”转换到“LONG”，可能丢失数据
E:\BaiduSyncdisk\工程项目\XMG AI\智绘教\智绘教\智绘教\main.cpp(4188,73): warning C4244: “=”: 从“float”转换到“LONG”，可能丢失数据
E:\BaiduSyncdisk\工程项目\XMG AI\智绘教\智绘教\智绘教\main.cpp(4189,78): warning C4244: “=”: 从“float”转换到“LONG”，可能丢失数据
E:\BaiduSyncdisk\工程项目\XMG AI\智绘教\智绘教\智绘教\main.cpp(4190,136): warning C4244: “=”: 从“float”转换到“LONG”，可能丢失数据
E:\BaiduSyncdisk\工程项目\XMG AI\智绘教\智绘教\智绘教\main.cpp(4200,74): warning C4244: “=”: 从“float”转换到“LONG”，可能丢失数据
E:\BaiduSyncdisk\工程项目\XMG AI\智绘教\智绘教\智绘教\main.cpp(4201,73): warning C4244: “=”: 从“float”转换到“LONG”，可能丢失数据
E:\BaiduSyncdisk\工程项目\XMG AI\智绘教\智绘教\智绘教\main.cpp(4202,78): warning C4244: “=”: 从“float”转换到“LONG”，可能丢失数据
E:\BaiduSyncdisk\工程项目\XMG AI\智绘教\智绘教\智绘教\main.cpp(4203,136): warning C4244: “=”: 从“float”转换到“LONG”，可能丢失数据
E:\BaiduSyncdisk\工程项目\XMG AI\智绘教\智绘教\智绘教\main.cpp(4213,74): warning C4244: “=”: 从“float”转换到“LONG”，可能丢失数据
E:\BaiduSyncdisk\工程项目\XMG AI\智绘教\智绘教\智绘教\main.cpp(4214,73): warning C4244: “=”: 从“float”转换到“LONG”，可能丢失数据
E:\BaiduSyncdisk\工程项目\XMG AI\智绘教\智绘教\智绘教\main.cpp(4215,78): warning C4244: “=”: 从“float”转换到“LONG”，可能丢失数据
E:\BaiduSyncdisk\工程项目\XMG AI\智绘教\智绘教\智绘教\main.cpp(4216,136): warning C4244: “=”: 从“float”转换到“LONG”，可能丢失数据
E:\BaiduSyncdisk\工程项目\XMG AI\智绘教\智绘教\智绘教\main.cpp(4229,181): warning C4244: “参数”: 从“float”转换到“int”，可能丢失数据
E:\BaiduSyncdisk\工程项目\XMG AI\智绘教\智绘教\智绘教\main.cpp(4229,113): warning C4244: “参数”: 从“float”转换到“int”，可能丢失数据
E:\BaiduSyncdisk\工程项目\XMG AI\智绘教\智绘教\智绘教\main.cpp(4229,76): warning C4244: “参数”: 从“float”转换到“int”，可能丢失数据
E:\BaiduSyncdisk\工程项目\XMG AI\智绘教\智绘教\智绘教\main.cpp(4235,181): warning C4244: “参数”: 从“float”转换到“int”，可能丢失数据
E:\BaiduSyncdisk\工程项目\XMG AI\智绘教\智绘教\智绘教\main.cpp(4235,113): warning C4244: “参数”: 从“float”转换到“int”，可能丢失数据
E:\BaiduSyncdisk\工程项目\XMG AI\智绘教\智绘教\智绘教\main.cpp(4235,76): warning C4244: “参数”: 从“float”转换到“int”，可能丢失数据
E:\BaiduSyncdisk\工程项目\XMG AI\智绘教\智绘教\智绘教\main.cpp(4241,181): warning C4244: “参数”: 从“float”转换到“int”，可能丢失数据
E:\BaiduSyncdisk\工程项目\XMG AI\智绘教\智绘教\智绘教\main.cpp(4241,113): warning C4244: “参数”: 从“float”转换到“int”，可能丢失数据
E:\BaiduSyncdisk\工程项目\XMG AI\智绘教\智绘教\智绘教\main.cpp(4241,76): warning C4244: “参数”: 从“float”转换到“int”，可能丢失数据
E:\BaiduSyncdisk\工程项目\XMG AI\智绘教\智绘教\智绘教\main.cpp(4247,181): warning C4244: “参数”: 从“float”转换到“int”，可能丢失数据
E:\BaiduSyncdisk\工程项目\XMG AI\智绘教\智绘教\智绘教\main.cpp(4247,113): warning C4244: “参数”: 从“float”转换到“int”，可能丢失数据
E:\BaiduSyncdisk\工程项目\XMG AI\智绘教\智绘教\智绘教\main.cpp(4247,76): warning C4244: “参数”: 从“float”转换到“int”，可能丢失数据
E:\BaiduSyncdisk\工程项目\XMG AI\智绘教\智绘教\智绘教\main.cpp(4253,181): warning C4244: “参数”: 从“float”转换到“int”，可能丢失数据
E:\BaiduSyncdisk\工程项目\XMG AI\智绘教\智绘教\智绘教\main.cpp(4253,113): warning C4244: “参数”: 从“float”转换到“int”，可能丢失数据
E:\BaiduSyncdisk\工程项目\XMG AI\智绘教\智绘教\智绘教\main.cpp(4253,76): warning C4244: “参数”: 从“float”转换到“int”，可能丢失数据
E:\BaiduSyncdisk\工程项目\XMG AI\智绘教\智绘教\智绘教\main.cpp(4259,181): warning C4244: “参数”: 从“float”转换到“int”，可能丢失数据
E:\BaiduSyncdisk\工程项目\XMG AI\智绘教\智绘教\智绘教\main.cpp(4259,113): warning C4244: “参数”: 从“float”转换到“int”，可能丢失数据
E:\BaiduSyncdisk\工程项目\XMG AI\智绘教\智绘教\智绘教\main.cpp(4259,76): warning C4244: “参数”: 从“float”转换到“int”，可能丢失数据
E:\BaiduSyncdisk\工程项目\XMG AI\智绘教\智绘教\智绘教\main.cpp(4265,181): warning C4244: “参数”: 从“float”转换到“int”，可能丢失数据
E:\BaiduSyncdisk\工程项目\XMG AI\智绘教\智绘教\智绘教\main.cpp(4265,113): warning C4244: “参数”: 从“float”转换到“int”，可能丢失数据
E:\BaiduSyncdisk\工程项目\XMG AI\智绘教\智绘教\智绘教\main.cpp(4265,76): warning C4244: “参数”: 从“float”转换到“int”，可能丢失数据
E:\BaiduSyncdisk\工程项目\XMG AI\智绘教\智绘教\智绘教\main.cpp(4271,181): warning C4244: “参数”: 从“float”转换到“int”，可能丢失数据
E:\BaiduSyncdisk\工程项目\XMG AI\智绘教\智绘教\智绘教\main.cpp(4271,113): warning C4244: “参数”: 从“float”转换到“int”，可能丢失数据
E:\BaiduSyncdisk\工程项目\XMG AI\智绘教\智绘教\智绘教\main.cpp(4271,76): warning C4244: “参数”: 从“float”转换到“int”，可能丢失数据
E:\BaiduSyncdisk\工程项目\XMG AI\智绘教\智绘教\智绘教\main.cpp(4277,181): warning C4244: “参数”: 从“float”转换到“int”，可能丢失数据
E:\BaiduSyncdisk\工程项目\XMG AI\智绘教\智绘教\智绘教\main.cpp(4277,113): warning C4244: “参数”: 从“float”转换到“int”，可能丢失数据
E:\BaiduSyncdisk\工程项目\XMG AI\智绘教\智绘教\智绘教\main.cpp(4277,76): warning C4244: “参数”: 从“float”转换到“int”，可能丢失数据
E:\BaiduSyncdisk\工程项目\XMG AI\智绘教\智绘教\智绘教\main.cpp(4283,184): warning C4244: “参数”: 从“float”转换到“int”，可能丢失数据
E:\BaiduSyncdisk\工程项目\XMG AI\智绘教\智绘教\智绘教\main.cpp(4283,115): warning C4244: “参数”: 从“float”转换到“int”，可能丢失数据
E:\BaiduSyncdisk\工程项目\XMG AI\智绘教\智绘教\智绘教\main.cpp(4283,77): warning C4244: “参数”: 从“float”转换到“int”，可能丢失数据
E:\BaiduSyncdisk\工程项目\XMG AI\智绘教\智绘教\智绘教\main.cpp(4289,184): warning C4244: “参数”: 从“float”转换到“int”，可能丢失数据
E:\BaiduSyncdisk\工程项目\XMG AI\智绘教\智绘教\智绘教\main.cpp(4289,115): warning C4244: “参数”: 从“float”转换到“int”，可能丢失数据
E:\BaiduSyncdisk\工程项目\XMG AI\智绘教\智绘教\智绘教\main.cpp(4289,77): warning C4244: “参数”: 从“float”转换到“int”，可能丢失数据
E:\BaiduSyncdisk\工程项目\XMG AI\智绘教\智绘教\智绘教\main.cpp(4292,181): warning C4244: “参数”: 从“float”转换到“int”，可能丢失数据
E:\BaiduSyncdisk\工程项目\XMG AI\智绘教\智绘教\智绘教\main.cpp(4292,127): warning C4244: “参数”: 从“float”转换到“int”，可能丢失数据
E:\BaiduSyncdisk\工程项目\XMG AI\智绘教\智绘教\智绘教\main.cpp(4292,74): warning C4244: “参数”: 从“float”转换到“int”，可能丢失数据
E:\BaiduSyncdisk\工程项目\XMG AI\智绘教\智绘教\智绘教\main.cpp(4293,182): warning C4244: “参数”: 从“float”转换到“int”，可能丢失数据
E:\BaiduSyncdisk\工程项目\XMG AI\智绘教\智绘教\智绘教\main.cpp(4293,123): warning C4244: “参数”: 从“float”转换到“int”，可能丢失数据
E:\BaiduSyncdisk\工程项目\XMG AI\智绘教\智绘教\智绘教\main.cpp(4293,81): warning C4244: “参数”: 从“float”转换到“int”，可能丢失数据
E:\BaiduSyncdisk\工程项目\XMG AI\智绘教\智绘教\智绘教\main.cpp(4305,66): warning C4244: “=”: 从“float”转换到“LONG”，可能丢失数据
E:\BaiduSyncdisk\工程项目\XMG AI\智绘教\智绘教\智绘教\main.cpp(4306,64): warning C4244: “=”: 从“float”转换到“LONG”，可能丢失数据
E:\BaiduSyncdisk\工程项目\XMG AI\智绘教\智绘教\智绘教\main.cpp(4307,44): warning C4244: “=”: 从“float”转换到“LONG”，可能丢失数据
E:\BaiduSyncdisk\工程项目\XMG AI\智绘教\智绘教\智绘教\main.cpp(4308,44): warning C4244: “=”: 从“float”转换到“LONG”，可能丢失数据
E:\BaiduSyncdisk\工程项目\XMG AI\智绘教\智绘教\智绘教\main.cpp(4319,71): warning C4244: “=”: 从“float”转换到“LONG”，可能丢失数据
E:\BaiduSyncdisk\工程项目\XMG AI\智绘教\智绘教\智绘教\main.cpp(4320,69): warning C4244: “=”: 从“float”转换到“LONG”，可能丢失数据
E:\BaiduSyncdisk\工程项目\XMG AI\智绘教\智绘教\智绘教\main.cpp(4321,44): warning C4244: “=”: 从“float”转换到“LONG”，可能丢失数据
E:\BaiduSyncdisk\工程项目\XMG AI\智绘教\智绘教\智绘教\main.cpp(4322,44): warning C4244: “=”: 从“float”转换到“LONG”，可能丢失数据
E:\BaiduSyncdisk\工程项目\XMG AI\智绘教\智绘教\智绘教\main.cpp(4335,111): warning C4244: “参数”: 从“float”转换到“int”，可能丢失数据
E:\BaiduSyncdisk\工程项目\XMG AI\智绘教\智绘教\智绘教\main.cpp(4335,75): warning C4244: “参数”: 从“float”转换到“int”，可能丢失数据
E:\BaiduSyncdisk\工程项目\XMG AI\智绘教\智绘教\智绘教\main.cpp(4341,82): warning C4244: “=”: 从“float”转换到“LONG”，可能丢失数据
E:\BaiduSyncdisk\工程项目\XMG AI\智绘教\智绘教\智绘教\main.cpp(4342,31): warning C4244: “=”: 从“float”转换到“LONG”，可能丢失数据
E:\BaiduSyncdisk\工程项目\XMG AI\智绘教\智绘教\智绘教\main.cpp(4344,59): warning C4244: “=”: 从“float”转换到“LONG”，可能丢失数据
E:\BaiduSyncdisk\工程项目\XMG AI\智绘教\智绘教\智绘教\main.cpp(4345,43): warning C4244: “=”: 从“float”转换到“LONG”，可能丢失数据
E:\BaiduSyncdisk\工程项目\XMG AI\智绘教\智绘教\智绘教\main.cpp(4346,43): warning C4244: “=”: 从“float”转换到“LONG”，可能丢失数据
E:\BaiduSyncdisk\工程项目\XMG AI\智绘教\智绘教\智绘教\main.cpp(4352,123): warning C4244: “参数”: 从“float”转换到“int”，可能丢失数据
E:\BaiduSyncdisk\工程项目\XMG AI\智绘教\智绘教\智绘教\main.cpp(4352,81): warning C4244: “参数”: 从“float”转换到“int”，可能丢失数据
E:\BaiduSyncdisk\工程项目\XMG AI\智绘教\智绘教\智绘教\main.cpp(4358,88): warning C4244: “=”: 从“float”转换到“LONG”，可能丢失数据
E:\BaiduSyncdisk\工程项目\XMG AI\智绘教\智绘教\智绘教\main.cpp(4359,31): warning C4244: “=”: 从“float”转换到“LONG”，可能丢失数据
E:\BaiduSyncdisk\工程项目\XMG AI\智绘教\智绘教\智绘教\main.cpp(4361,65): warning C4244: “=”: 从“float”转换到“LONG”，可能丢失数据
E:\BaiduSyncdisk\工程项目\XMG AI\智绘教\智绘教\智绘教\main.cpp(4362,43): warning C4244: “=”: 从“float”转换到“LONG”，可能丢失数据
E:\BaiduSyncdisk\工程项目\XMG AI\智绘教\智绘教\智绘教\main.cpp(4363,43): warning C4244: “=”: 从“float”转换到“LONG”，可能丢失数据
E:\BaiduSyncdisk\工程项目\XMG AI\智绘教\智绘教\智绘教\main.cpp(4370,111): warning C4244: “参数”: 从“float”转换到“int”，可能丢失数据
E:\BaiduSyncdisk\工程项目\XMG AI\智绘教\智绘教\智绘教\main.cpp(4370,75): warning C4244: “参数”: 从“float”转换到“int”，可能丢失数据
E:\BaiduSyncdisk\工程项目\XMG AI\智绘教\智绘教\智绘教\main.cpp(4376,82): warning C4244: “=”: 从“float”转换到“LONG”，可能丢失数据
E:\BaiduSyncdisk\工程项目\XMG AI\智绘教\智绘教\智绘教\main.cpp(4377,31): warning C4244: “=”: 从“float”转换到“LONG”，可能丢失数据
E:\BaiduSyncdisk\工程项目\XMG AI\智绘教\智绘教\智绘教\main.cpp(4379,59): warning C4244: “=”: 从“float”转换到“LONG”，可能丢失数据
E:\BaiduSyncdisk\工程项目\XMG AI\智绘教\智绘教\智绘教\main.cpp(4380,43): warning C4244: “=”: 从“float”转换到“LONG”，可能丢失数据
E:\BaiduSyncdisk\工程项目\XMG AI\智绘教\智绘教\智绘教\main.cpp(4381,43): warning C4244: “=”: 从“float”转换到“LONG”，可能丢失数据
E:\BaiduSyncdisk\工程项目\XMG AI\智绘教\智绘教\智绘教\main.cpp(4387,109): warning C4244: “参数”: 从“float”转换到“int”，可能丢失数据
E:\BaiduSyncdisk\工程项目\XMG AI\智绘教\智绘教\智绘教\main.cpp(4387,74): warning C4244: “参数”: 从“float”转换到“int”，可能丢失数据
E:\BaiduSyncdisk\工程项目\XMG AI\智绘教\智绘教\智绘教\main.cpp(4393,81): warning C4244: “=”: 从“float”转换到“LONG”，可能丢失数据
E:\BaiduSyncdisk\工程项目\XMG AI\智绘教\智绘教\智绘教\main.cpp(4394,31): warning C4244: “=”: 从“float”转换到“LONG”，可能丢失数据
E:\BaiduSyncdisk\工程项目\XMG AI\智绘教\智绘教\智绘教\main.cpp(4396,58): warning C4244: “=”: 从“float”转换到“LONG”，可能丢失数据
E:\BaiduSyncdisk\工程项目\XMG AI\智绘教\智绘教\智绘教\main.cpp(4397,43): warning C4244: “=”: 从“float”转换到“LONG”，可能丢失数据
E:\BaiduSyncdisk\工程项目\XMG AI\智绘教\智绘教\智绘教\main.cpp(4398,43): warning C4244: “=”: 从“float”转换到“LONG”，可能丢失数据
E:\BaiduSyncdisk\工程项目\XMG AI\智绘教\智绘教\智绘教\main.cpp(4404,119): warning C4244: “参数”: 从“float”转换到“int”，可能丢失数据
E:\BaiduSyncdisk\工程项目\XMG AI\智绘教\智绘教\智绘教\main.cpp(4404,79): warning C4244: “参数”: 从“float”转换到“int”，可能丢失数据
E:\BaiduSyncdisk\工程项目\XMG AI\智绘教\智绘教\智绘教\main.cpp(4410,86): warning C4244: “=”: 从“float”转换到“LONG”，可能丢失数据
E:\BaiduSyncdisk\工程项目\XMG AI\智绘教\智绘教\智绘教\main.cpp(4411,31): warning C4244: “=”: 从“float”转换到“LONG”，可能丢失数据
E:\BaiduSyncdisk\工程项目\XMG AI\智绘教\智绘教\智绘教\main.cpp(4413,63): warning C4244: “=”: 从“float”转换到“LONG”，可能丢失数据
E:\BaiduSyncdisk\工程项目\XMG AI\智绘教\智绘教\智绘教\main.cpp(4414,43): warning C4244: “=”: 从“float”转换到“LONG”，可能丢失数据
E:\BaiduSyncdisk\工程项目\XMG AI\智绘教\智绘教\智绘教\main.cpp(4415,43): warning C4244: “=”: 从“float”转换到“LONG”，可能丢失数据
E:\BaiduSyncdisk\工程项目\XMG AI\智绘教\智绘教\智绘教\main.cpp(4446,101): warning C4244: “参数”: 从“float”转换到“int”，可能丢失数据
E:\BaiduSyncdisk\工程项目\XMG AI\智绘教\智绘教\智绘教\main.cpp(4446,69): warning C4244: “参数”: 从“float”转换到“int”，可能丢失数据
E:\BaiduSyncdisk\工程项目\XMG AI\智绘教\智绘教\智绘教\main.cpp(4452,55): warning C4244: “=”: 从“float”转换到“LONG”，可能丢失数据
E:\BaiduSyncdisk\工程项目\XMG AI\智绘教\智绘教\智绘教\main.cpp(4453,53): warning C4244: “=”: 从“float”转换到“LONG”，可能丢失数据
E:\BaiduSyncdisk\工程项目\XMG AI\智绘教\智绘教\智绘教\main.cpp(4454,57): warning C4244: “=”: 从“float”转换到“LONG”，可能丢失数据
E:\BaiduSyncdisk\工程项目\XMG AI\智绘教\智绘教\智绘教\main.cpp(4455,59): warning C4244: “=”: 从“float”转换到“LONG”，可能丢失数据
E:\BaiduSyncdisk\工程项目\XMG AI\智绘教\智绘教\智绘教\main.cpp(4462,99): warning C4244: “参数”: 从“float”转换到“int”，可能丢失数据
E:\BaiduSyncdisk\工程项目\XMG AI\智绘教\智绘教\智绘教\main.cpp(4462,68): warning C4244: “参数”: 从“float”转换到“int”，可能丢失数据
E:\BaiduSyncdisk\工程项目\XMG AI\智绘教\智绘教\智绘教\main.cpp(4468,54): warning C4244: “=”: 从“float”转换到“LONG”，可能丢失数据
E:\BaiduSyncdisk\工程项目\XMG AI\智绘教\智绘教\智绘教\main.cpp(4469,52): warning C4244: “=”: 从“float”转换到“LONG”，可能丢失数据
E:\BaiduSyncdisk\工程项目\XMG AI\智绘教\智绘教\智绘教\main.cpp(4470,56): warning C4244: “=”: 从“float”转换到“LONG”，可能丢失数据
E:\BaiduSyncdisk\工程项目\XMG AI\智绘教\智绘教\智绘教\main.cpp(4471,58): warning C4244: “=”: 从“float”转换到“LONG”，可能丢失数据
E:\BaiduSyncdisk\工程项目\XMG AI\智绘教\智绘教\智绘教\main.cpp(4666,101): warning C4244: “参数”: 从“float”转换到“int”，可能丢失数据
E:\BaiduSyncdisk\工程项目\XMG AI\智绘教\智绘教\智绘教\main.cpp(4666,69): warning C4244: “参数”: 从“float”转换到“int”，可能丢失数据
E:\BaiduSyncdisk\工程项目\XMG AI\智绘教\智绘教\智绘教\main.cpp(4672,55): warning C4244: “=”: 从“float”转换到“LONG”，可能丢失数据
E:\BaiduSyncdisk\工程项目\XMG AI\智绘教\智绘教\智绘教\main.cpp(4673,53): warning C4244: “=”: 从“float”转换到“LONG”，可能丢失数据
E:\BaiduSyncdisk\工程项目\XMG AI\智绘教\智绘教\智绘教\main.cpp(4674,57): warning C4244: “=”: 从“float”转换到“LONG”，可能丢失数据
E:\BaiduSyncdisk\工程项目\XMG AI\智绘教\智绘教\智绘教\main.cpp(4675,59): warning C4244: “=”: 从“float”转换到“LONG”，可能丢失数据
E:\BaiduSyncdisk\工程项目\XMG AI\智绘教\智绘教\智绘教\main.cpp(4682,97): warning C4244: “参数”: 从“float”转换到“int”，可能丢失数据
E:\BaiduSyncdisk\工程项目\XMG AI\智绘教\智绘教\智绘教\main.cpp(4682,67): warning C4244: “参数”: 从“float”转换到“int”，可能丢失数据
E:\BaiduSyncdisk\工程项目\XMG AI\智绘教\智绘教\智绘教\main.cpp(4688,53): warning C4244: “=”: 从“float”转换到“LONG”，可能丢失数据
E:\BaiduSyncdisk\工程项目\XMG AI\智绘教\智绘教\智绘教\main.cpp(4689,51): warning C4244: “=”: 从“float”转换到“LONG”，可能丢失数据
E:\BaiduSyncdisk\工程项目\XMG AI\智绘教\智绘教\智绘教\main.cpp(4690,55): warning C4244: “=”: 从“float”转换到“LONG”，可能丢失数据
E:\BaiduSyncdisk\工程项目\XMG AI\智绘教\智绘教\智绘教\main.cpp(4691,57): warning C4244: “=”: 从“float”转换到“LONG”，可能丢失数据
E:\BaiduSyncdisk\工程项目\XMG AI\智绘教\智绘教\智绘教\main.cpp(4700,67): warning C4244: “参数”: 从“int”转换到“float”，可能丢失数据
E:\BaiduSyncdisk\工程项目\XMG AI\智绘教\智绘教\智绘教\main.cpp(4701,72): warning C4244: “参数”: 从“int”转换到“float”，可能丢失数据
E:\BaiduSyncdisk\工程项目\XMG AI\智绘教\智绘教\智绘教\main.cpp(4799,148): warning C4244: “参数”: 从“float”转换到“int”，可能丢失数据
E:\BaiduSyncdisk\工程项目\XMG AI\智绘教\智绘教\智绘教\main.cpp(4799,99): warning C4244: “参数”: 从“float”转换到“int”，可能丢失数据
E:\BaiduSyncdisk\工程项目\XMG AI\智绘教\智绘教\智绘教\main.cpp(4799,68): warning C4244: “参数”: 从“float”转换到“int”，可能丢失数据
E:\BaiduSyncdisk\工程项目\XMG AI\智绘教\智绘教\智绘教\main.cpp(4806,93): warning C4244: “参数”: 从“int”转换到“float”，可能丢失数据
E:\BaiduSyncdisk\工程项目\XMG AI\智绘教\智绘教\智绘教\main.cpp(4806,63): warning C4244: “参数”: 从“int”转换到“float”，可能丢失数据
E:\BaiduSyncdisk\工程项目\XMG AI\智绘教\智绘教\智绘教\main.cpp(4810,100): warning C4244: “参数”: 从“int”转换到“float”，可能丢失数据
E:\BaiduSyncdisk\工程项目\XMG AI\智绘教\智绘教\智绘教\main.cpp(4810,65): warning C4244: “参数”: 从“int”转换到“float”，可能丢失数据
E:\BaiduSyncdisk\工程项目\XMG AI\智绘教\智绘教\智绘教\main.cpp(4847,100): warning C4244: “参数”: 从“int”转换到“float”，可能丢失数据
E:\BaiduSyncdisk\工程项目\XMG AI\智绘教\智绘教\智绘教\main.cpp(4847,64): warning C4244: “参数”: 从“int”转换到“float”，可能丢失数据
E:\BaiduSyncdisk\工程项目\XMG AI\智绘教\智绘教\智绘教\main.cpp(4851,101): warning C4244: “参数”: 从“int”转换到“float”，可能丢失数据
E:\BaiduSyncdisk\工程项目\XMG AI\智绘教\智绘教\智绘教\main.cpp(4851,66): warning C4244: “参数”: 从“int”转换到“float”，可能丢失数据
E:\BaiduSyncdisk\工程项目\XMG AI\智绘教\智绘教\智绘教\main.cpp(4887,101): warning C4244: “参数”: 从“int”转换到“float”，可能丢失数据
E:\BaiduSyncdisk\工程项目\XMG AI\智绘教\智绘教\智绘教\main.cpp(4887,66): warning C4244: “参数”: 从“int”转换到“float”，可能丢失数据
E:\BaiduSyncdisk\工程项目\XMG AI\智绘教\智绘教\智绘教\main.cpp(4923,93): warning C4244: “参数”: 从“int”转换到“float”，可能丢失数据
E:\BaiduSyncdisk\工程项目\XMG AI\智绘教\智绘教\智绘教\main.cpp(4923,63): warning C4244: “参数”: 从“int”转换到“float”，可能丢失数据
E:\BaiduSyncdisk\工程项目\XMG AI\智绘教\智绘教\智绘教\main.cpp(4940,93): warning C4244: “参数”: 从“int”转换到“float”，可能丢失数据
E:\BaiduSyncdisk\工程项目\XMG AI\智绘教\智绘教\智绘教\main.cpp(4940,63): warning C4244: “参数”: 从“int”转换到“float”，可能丢失数据
E:\BaiduSyncdisk\工程项目\XMG AI\智绘教\智绘教\智绘教\main.cpp(5373,40): warning C4244: “=”: 从“double”转换到“int”，可能丢失数据
E:\BaiduSyncdisk\工程项目\XMG AI\智绘教\智绘教\智绘教\main.cpp(5374,46): warning C4244: “=”: 从“double”转换到“int”，可能丢失数据
E:\BaiduSyncdisk\工程项目\XMG AI\智绘教\智绘教\智绘教\main.cpp(5375,31): warning C4244: “=”: 从“double”转换到“int”，可能丢失数据
E:\BaiduSyncdisk\工程项目\XMG AI\智绘教\智绘教\智绘教\main.cpp(5554,64): warning C4244: “=”: 从“double”转换到“LONG”，可能丢失数据
E:\BaiduSyncdisk\工程项目\XMG AI\智绘教\智绘教\智绘教\main.cpp(5555,64): warning C4244: “=”: 从“double”转换到“LONG”，可能丢失数据
E:\BaiduSyncdisk\工程项目\XMG AI\智绘教\智绘教\智绘教\main.cpp(5557,18): warning C4101: “ret”: 未引用的局部变量
E:\BaiduSyncdisk\工程项目\XMG AI\智绘教\智绘教\智绘教\main.cpp(6127,14): warning C4244: “=”: 从“float”转换到“LONG”，可能丢失数据
E:\BaiduSyncdisk\工程项目\XMG AI\智绘教\智绘教\智绘教\main.cpp(6128,13): warning C4244: “=”: 从“float”转换到“LONG”，可能丢失数据
E:\BaiduSyncdisk\工程项目\XMG AI\智绘教\智绘教\智绘教\main.cpp(6129,27): warning C4244: “=”: 从“float”转换到“LONG”，可能丢失数据
E:\BaiduSyncdisk\工程项目\XMG AI\智绘教\智绘教\智绘教\main.cpp(6130,28): warning C4244: “=”: 从“float”转换到“LONG”，可能丢失数据
E:\BaiduSyncdisk\工程项目\XMG AI\智绘教\智绘教\智绘教\main.cpp(6333,77): warning C4244: “参数”: 从“int”转换到“float”，可能丢失数据
E:\BaiduSyncdisk\工程项目\XMG AI\智绘教\智绘教\智绘教\main.cpp(6336,82): warning C4244: “参数”: 从“int”转换到“float”，可能丢失数据
E:\BaiduSyncdisk\工程项目\XMG AI\智绘教\智绘教\智绘教\main.cpp(6342,65): warning C4244: “参数”: 从“int”转换到“Gdiplus::REAL”，可能丢失数据
E:\BaiduSyncdisk\工程项目\XMG AI\智绘教\智绘教\智绘教\main.cpp(6355,83): warning C4244: “参数”: 从“int”转换到“float”，可能丢失数据
E:\BaiduSyncdisk\工程项目\XMG AI\智绘教\智绘教\智绘教\main.cpp(6360,114): warning C4244: “参数”: 从“int”转换到“float”，可能丢失数据
E:\BaiduSyncdisk\工程项目\XMG AI\智绘教\智绘教\智绘教\main.cpp(6360,73): warning C4244: “参数”: 从“int”转换到“float”，可能丢失数据
E:\BaiduSyncdisk\工程项目\XMG AI\智绘教\智绘教\智绘教\main.cpp(6379,111): warning C4244: “参数”: 从“int”转换到“float”，可能丢失数据
E:\BaiduSyncdisk\工程项目\XMG AI\智绘教\智绘教\智绘教\main.cpp(6379,69): warning C4244: “参数”: 从“int”转换到“float”，可能丢失数据
E:\BaiduSyncdisk\工程项目\XMG AI\智绘教\智绘教\智绘教\main.cpp(6382,111): warning C4244: “参数”: 从“int”转换到“float”，可能丢失数据
E:\BaiduSyncdisk\工程项目\XMG AI\智绘教\智绘教\智绘教\main.cpp(6382,69): warning C4244: “参数”: 从“int”转换到“float”，可能丢失数据
E:\BaiduSyncdisk\工程项目\XMG AI\智绘教\智绘教\智绘教\main.cpp(6388,65): warning C4244: “参数”: 从“int”转换到“Gdiplus::REAL”，可能丢失数据
E:\BaiduSyncdisk\工程项目\XMG AI\智绘教\智绘教\智绘教\main.cpp(6401,110): warning C4244: “参数”: 从“int”转换到“float”，可能丢失数据
E:\BaiduSyncdisk\工程项目\XMG AI\智绘教\智绘教\智绘教\main.cpp(6401,69): warning C4244: “参数”: 从“int”转换到“float”，可能丢失数据
E:\BaiduSyncdisk\工程项目\XMG AI\智绘教\智绘教\智绘教\main.cpp(7400,111): warning C4244: “参数”: 从“int”转换到“float”，可能丢失数据
E:\BaiduSyncdisk\工程项目\XMG AI\智绘教\智绘教\智绘教\main.cpp(7400,74): warning C4244: “参数”: 从“int”转换到“float”，可能丢失数据
E:\BaiduSyncdisk\工程项目\XMG AI\智绘教\智绘教\智绘教\main.cpp(7448,115): warning C4244: “参数”: 从“int”转换到“float”，可能丢失数据
E:\BaiduSyncdisk\工程项目\XMG AI\智绘教\智绘教\智绘教\main.cpp(7448,74): warning C4244: “参数”: 从“int”转换到“float”，可能丢失数据
E:\BaiduSyncdisk\工程项目\XMG AI\智绘教\智绘教\智绘教\main.cpp(7449,141): warning C4244: “参数”: 从“int”转换到“float”，可能丢失数据
E:\BaiduSyncdisk\工程项目\XMG AI\智绘教\智绘教\智绘教\main.cpp(7449,115): warning C4244: “参数”: 从“int”转换到“float”，可能丢失数据
E:\BaiduSyncdisk\工程项目\XMG AI\智绘教\智绘教\智绘教\main.cpp(7449,74): warning C4244: “参数”: 从“int”转换到“float”，可能丢失数据
E:\BaiduSyncdisk\工程项目\XMG AI\智绘教\智绘教\智绘教\main.cpp(7551,23): warning C4018: “<”: 有符号/无符号不匹配
E:\BaiduSyncdisk\工程项目\XMG AI\智绘教\智绘教\智绘教\main.cpp(7814,108): warning C4244: “参数”: 从“double”转换到“INT”，可能丢失数据
E:\BaiduSyncdisk\工程项目\XMG AI\智绘教\智绘教\智绘教\main.cpp(7814,96): warning C4244: “参数”: 从“double”转换到“INT”，可能丢失数据
E:\BaiduSyncdisk\工程项目\XMG AI\智绘教\智绘教\智绘教\main.cpp(7831,116): warning C4244: “参数”: 从“double”转换到“float”，可能丢失数据
E:\BaiduSyncdisk\工程项目\XMG AI\智绘教\智绘教\智绘教\main.cpp(7831,104): warning C4244: “参数”: 从“double”转换到“float”，可能丢失数据
E:\BaiduSyncdisk\工程项目\XMG AI\智绘教\智绘教\智绘教\main.cpp(7831,78): warning C4244: “参数”: 从“double”转换到“float”，可能丢失数据
E:\BaiduSyncdisk\工程项目\XMG AI\智绘教\智绘教\智绘教\main.cpp(7831,44): warning C4244: “参数”: 从“double”转换到“float”，可能丢失数据
E:\BaiduSyncdisk\工程项目\XMG AI\智绘教\智绘教\智绘教\main.cpp(7839,35): warning C4244: “参数”: 从“double”转换到“Gdiplus::REAL”，可能丢失数据
E:\BaiduSyncdisk\工程项目\XMG AI\智绘教\智绘教\智绘教\main.cpp(7861,116): warning C4244: “参数”: 从“double”转换到“float”，可能丢失数据
E:\BaiduSyncdisk\工程项目\XMG AI\智绘教\智绘教\智绘教\main.cpp(7861,104): warning C4244: “参数”: 从“double”转换到“float”，可能丢失数据
E:\BaiduSyncdisk\工程项目\XMG AI\智绘教\智绘教\智绘教\main.cpp(7861,78): warning C4244: “参数”: 从“double”转换到“float”，可能丢失数据
E:\BaiduSyncdisk\工程项目\XMG AI\智绘教\智绘教\智绘教\main.cpp(7861,44): warning C4244: “参数”: 从“double”转换到“float”，可能丢失数据
E:\BaiduSyncdisk\工程项目\XMG AI\智绘教\智绘教\智绘教\main.cpp(7903,136): warning C4244: “参数”: 从“int”转换到“float”，可能丢失数据
E:\BaiduSyncdisk\工程项目\XMG AI\智绘教\智绘教\智绘教\main.cpp(7903,124): warning C4244: “参数”: 从“int”转换到“float”，可能丢失数据
E:\BaiduSyncdisk\工程项目\XMG AI\智绘教\智绘教\智绘教\main.cpp(7903,96): warning C4244: “参数”: 从“double”转换到“float”，可能丢失数据
E:\BaiduSyncdisk\工程项目\XMG AI\智绘教\智绘教\智绘教\main.cpp(7903,55): warning C4244: “参数”: 从“double”转换到“float”，可能丢失数据
E:\BaiduSyncdisk\工程项目\XMG AI\智绘教\智绘教\智绘教\main.cpp(7915,136): warning C4244: “参数”: 从“int”转换到“float”，可能丢失数据
E:\BaiduSyncdisk\工程项目\XMG AI\智绘教\智绘教\智绘教\main.cpp(7915,124): warning C4244: “参数”: 从“int”转换到“float”，可能丢失数据
E:\BaiduSyncdisk\工程项目\XMG AI\智绘教\智绘教\智绘教\main.cpp(7915,96): warning C4244: “参数”: 从“double”转换到“float”，可能丢失数据
E:\BaiduSyncdisk\工程项目\XMG AI\智绘教\智绘教\智绘教\main.cpp(7915,55): warning C4244: “参数”: 从“double”转换到“float”，可能丢失数据
E:\BaiduSyncdisk\工程项目\XMG AI\智绘教\智绘教\智绘教\main.cpp(7975,21): warning C4244: “参数”: 从“int”转换到“Gdiplus::REAL”，可能丢失数据
E:\BaiduSyncdisk\工程项目\XMG AI\智绘教\智绘教\智绘教\main.cpp(8007,118): warning C4244: “参数”: 从“int”转换到“float”，可能丢失数据
E:\BaiduSyncdisk\工程项目\XMG AI\智绘教\智绘教\智绘教\main.cpp(8007,82): warning C4244: “参数”: 从“int”转换到“float”，可能丢失数据
E:\BaiduSyncdisk\工程项目\XMG AI\智绘教\智绘教\智绘教\main.cpp(8007,64): warning C4244: “参数”: 从“int”转换到“float”，可能丢失数据
E:\BaiduSyncdisk\工程项目\XMG AI\智绘教\智绘教\智绘教\main.cpp(8007,51): warning C4244: “参数”: 从“int”转换到“float”，可能丢失数据
E:\BaiduSyncdisk\工程项目\XMG AI\智绘教\智绘教\智绘教\main.cpp(8007,38): warning C4244: “参数”: 从“int”转换到“float”，可能丢失数据
E:\BaiduSyncdisk\工程项目\XMG AI\智绘教\智绘教\智绘教\main.cpp(8038,123): warning C4244: “参数”: 从“int”转换到“float”，可能丢失数据
E:\BaiduSyncdisk\工程项目\XMG AI\智绘教\智绘教\智绘教\main.cpp(8057,129): warning C4244: “参数”: 从“int”转换到“float”，可能丢失数据
E:\BaiduSyncdisk\工程项目\XMG AI\智绘教\智绘教\智绘教\main.cpp(8104,207): warning C4244: “参数”: 从“double”转换到“int”，可能丢失数据
E:\BaiduSyncdisk\工程项目\XMG AI\智绘教\智绘教\智绘教\main.cpp(8157,21): warning C4244: “参数”: 从“int”转换到“Gdiplus::REAL”，可能丢失数据
E:\BaiduSyncdisk\工程项目\XMG AI\智绘教\智绘教\智绘教\main.cpp(8174,21): warning C4244: “参数”: 从“int”转换到“Gdiplus::REAL”，可能丢失数据
E:\BaiduSyncdisk\工程项目\XMG AI\智绘教\智绘教\智绘教\main.cpp(8280,69): warning C4244: “参数”: 从“int”转换到“float”，可能丢失数据
E:\BaiduSyncdisk\工程项目\XMG AI\智绘教\智绘教\智绘教\main.cpp(8280,47): warning C4244: “参数”: 从“int”转换到“float”，可能丢失数据
E:\BaiduSyncdisk\工程项目\XMG AI\智绘教\智绘教\智绘教\main.cpp(8280,44): warning C4244: “参数”: 从“int”转换到“float”，可能丢失数据
E:\BaiduSyncdisk\工程项目\XMG AI\智绘教\智绘教\智绘教\main.cpp(8280,41): warning C4244: “参数”: 从“int”转换到“float”，可能丢失数据
E:\BaiduSyncdisk\工程项目\XMG AI\智绘教\智绘教\智绘教\main.cpp(8280,38): warning C4244: “参数”: 从“int”转换到“float”，可能丢失数据
E:\BaiduSyncdisk\工程项目\XMG AI\智绘教\智绘教\智绘教\main.cpp(7661,10): warning C4101: “speed”: 未引用的局部变量
E:\BaiduSyncdisk\工程项目\XMG AI\智绘教\智绘教\智绘教\main.cpp(7768,11): warning C4101: “rcDirty”: 未引用的局部变量
  正在生成代码
  219 of 5779 functions ( 3.8%) were compiled, the rest were copied from previous compilation.
    2 functions were new in current compilation
    57 functions had inline decision re-evaluated but remain unchanged
  已完成代码的生成
  智绘教.vcxproj -> E:\BaiduSyncdisk\工程项目\XMG AI\智绘教\智绘教\Release\智绘教.exe
